Using pre-set license
Built from '2020.3/staging' branch; Version is '2020.3.5f1 (8095aa901b9b) revision 8426922'; Using compiler version '192528614'; Build Type 'Release'
OS: 'Windows 10 Pro; OS build 19043.1586; Version 2009; 64bit' Language: 'en' Physical Memory: 16310 MB
BatchMode: 1, IsHumanControllingUs: 0, StartBugReporterOnCrash: 0, Is64bit: 1, IsPro: 0

 COMMAND LINE ARGUMENTS:
C:\Program Files\Unity\Hub\Editor\2020.3.5f1\Editor\Unity.exe
-adb2
-batchMode
-noUpm
-name
AssetImportWorker0
-projectPath
F:/Unity Projects/Mod The Cube
-logFile
Logs/AssetImportWorker0.log
-srvPort
63747
Successfully changed project path to: F:/Unity Projects/Mod The Cube
F:/Unity Projects/Mod The Cube
Using Asset Import Pipeline V2.
Unable to join player connection multicast group.

Unable to join player connection alternative multicast group.

Refreshing native plugins compatible for Editor in 22.52 ms, found 0 plugins.
Preloading 0 native plugins for Editor in 0.00 ms.
Initialize engine version: 2020.3.5f1 (8095aa901b9b)
[Subsystems] Discovering subsystems at path C:/Program Files/Unity/Hub/Editor/2020.3.5f1/Editor/Data/Resources/UnitySubsystems
[Subsystems] Discovering subsystems at path F:/Unity Projects/Mod The Cube/Assets
GfxDevice: creating device client; threaded=0
Direct3D:
    Version:  Direct3D 11.0 [level 11.1]
    Renderer: NVIDIA GeForce GT 1030 (ID=0x1d01)
    Vendor:   
    VRAM:     1982 MB
    Driver:   30.0.14.9649
Initialize mono
Mono path[0] = 'C:/Program Files/Unity/Hub/Editor/2020.3.5f1/Editor/Data/Managed'
Mono path[1] = 'C:/Program Files/Unity/Hub/Editor/2020.3.5f1/Editor/Data/MonoBleedingEdge/lib/mono/unityjit'
Mono config path = 'C:/Program Files/Unity/Hub/Editor/2020.3.5f1/Editor/Data/MonoBleedingEdge/etc'
Using monoOptions --debugger-agent=transport=dt_socket,embedding=1,server=y,suspend=n,address=127.0.0.1:56648
Begin MonoManager ReloadAssembly
Registering precompiled unity dll's ...
Register platform support module: C:/Program Files/Unity/Hub/Editor/2020.3.5f1/Editor/Data/PlaybackEngines/WebGLSupport/UnityEditor.WebGL.Extensions.dll
Register platform support module: C:/Program Files/Unity/Hub/Editor/2020.3.5f1/Editor/Data/PlaybackEngines/WindowsStandaloneSupport/UnityEditor.WindowsStandalone.Extensions.dll
Registered in 0.002274 seconds.
Native extension for WindowsStandalone target not found
Native extension for WebGL target not found
Refreshing native plugins compatible for Editor in 20.68 ms, found 0 plugins.
Preloading 0 native plugins for Editor in 0.00 ms.
Mono: successfully reloaded assembly
- Completed reload, in  0.962 seconds
Platform modules already initialized, skipping
Registering precompiled user dll's ...
Registered in 0.000526 seconds.
Begin MonoManager ReloadAssembly
Native extension for WindowsStandalone target not found
Native extension for WebGL target not found
Refreshing native plugins compatible for Editor in 0.23 ms, found 0 plugins.
Preloading 0 native plugins for Editor in 0.00 ms.
Mono: successfully reloaded assembly
- Completed reload, in  0.706 seconds
Platform modules already initialized, skipping
========================================================================
Worker process is ready to serve import requests
Launched and connected shader compiler UnityShaderCompiler.exe after 0.04 seconds
Refreshing native plugins compatible for Editor in 0.24 ms, found 0 plugins.
Preloading 0 native plugins for Editor in 0.00 ms.
Unloading 1116 Unused Serialized files (Serialized files now loaded: 0)
System memory in use before: 57.3 MB.
System memory in use after: 57.4 MB.

Unloading 10 unused Assets to reduce memory usage. Loaded Objects now: 1558.
Total: 1.692900 ms (FindLiveObjects: 0.172600 ms CreateObjectMapping: 0.031500 ms MarkObjects: 1.413500 ms  DeleteObjects: 0.074100 ms)

========================================================================
Received Import Request.
  path: Assets/ModTheCube/Scene.unity
  artifactKey: Guid(0837f2ea600db39419ef0a366d70b9de) Importer(815301076,1909f56bfc062723c751e8b465ee728b)
Start importing Assets/ModTheCube/Scene.unity using Guid(0837f2ea600db39419ef0a366d70b9de) Importer(815301076,1909f56bfc062723c751e8b465ee728b)  -> (artifact id: 'b9c3c887cc8189ffa278f2c1f3207337') in 0.014064 seconds
  Import took 0.016315 seconds .

========================================================================
Received Prepare
Registering precompiled user dll's ...
Registered in 0.000500 seconds.
Begin MonoManager ReloadAssembly
Native extension for WindowsStandalone target not found
Native extension for WebGL target not found
Refreshing native plugins compatible for Editor in 0.23 ms, found 0 plugins.
Preloading 0 native plugins for Editor in 0.00 ms.
Mono: successfully reloaded assembly
- Completed reload, in  0.673 seconds
Platform modules already initialized, skipping
Refreshing native plugins compatible for Editor in 0.24 ms, found 0 plugins.
Preloading 0 native plugins for Editor in 0.00 ms.
Unloading 1111 Unused Serialized files (Serialized files now loaded: 0)
System memory in use before: 57.3 MB.
System memory in use after: 57.3 MB.

Unloading 5 unused Assets to reduce memory usage. Loaded Objects now: 1561.
Total: 1.590700 ms (FindLiveObjects: 0.169800 ms CreateObjectMapping: 0.033000 ms MarkObjects: 1.334700 ms  DeleteObjects: 0.052000 ms)

========================================================================
Received Import Request.
  Time since last request: 39.135066 seconds.
  path: Assets/ModTheCube/Cube.cs
  artifactKey: Guid(803ae8246b6a6aa4aa499bb276296282) Importer(815301076,1909f56bfc062723c751e8b465ee728b)
Start importing Assets/ModTheCube/Cube.cs using Guid(803ae8246b6a6aa4aa499bb276296282) Importer(815301076,1909f56bfc062723c751e8b465ee728b)  -> (artifact id: '7953f30d37a3b240576f5917033a49a2') in 0.024529 seconds
  Import took 0.026564 seconds .

========================================================================
Received Prepare
Registering precompiled user dll's ...
Registered in 0.000487 seconds.
Begin MonoManager ReloadAssembly
Native extension for WindowsStandalone target not found
Native extension for WebGL target not found
Refreshing native plugins compatible for Editor in 0.24 ms, found 0 plugins.
Preloading 0 native plugins for Editor in 0.00 ms.
Mono: successfully reloaded assembly
- Completed reload, in  0.677 seconds
Platform modules already initialized, skipping
Refreshing native plugins compatible for Editor in 0.24 ms, found 0 plugins.
Preloading 0 native plugins for Editor in 0.00 ms.
Unloading 1111 Unused Serialized files (Serialized files now loaded: 0)
System memory in use before: 57.3 MB.
System memory in use after: 57.4 MB.

Unloading 5 unused Assets to reduce memory usage. Loaded Objects now: 1564.
Total: 1.688100 ms (FindLiveObjects: 0.155000 ms CreateObjectMapping: 0.032100 ms MarkObjects: 1.442300 ms  DeleteObjects: 0.057200 ms)

========================================================================
Received Prepare
Registering precompiled user dll's ...
Registered in 0.000479 seconds.
Begin MonoManager ReloadAssembly
Native extension for WindowsStandalone target not found
Native extension for WebGL target not found
Refreshing native plugins compatible for Editor in 0.24 ms, found 0 plugins.
Preloading 0 native plugins for Editor in 0.00 ms.
Mono: successfully reloaded assembly
- Completed reload, in  0.671 seconds
Platform modules already initialized, skipping
Refreshing native plugins compatible for Editor in 0.24 ms, found 0 plugins.
Preloading 0 native plugins for Editor in 0.00 ms.
Unloading 1111 Unused Serialized files (Serialized files now loaded: 0)
System memory in use before: 57.3 MB.
System memory in use after: 57.4 MB.

Unloading 5 unused Assets to reduce memory usage. Loaded Objects now: 1567.
Total: 1.688100 ms (FindLiveObjects: 0.165700 ms CreateObjectMapping: 0.029700 ms MarkObjects: 1.437500 ms  DeleteObjects: 0.053800 ms)

========================================================================
Received Prepare
Registering precompiled user dll's ...
Registered in 0.000450 seconds.
Begin MonoManager ReloadAssembly
Native extension for WindowsStandalone target not found
Native extension for WebGL target not found
Refreshing native plugins compatible for Editor in 0.24 ms, found 0 plugins.
Preloading 0 native plugins for Editor in 0.00 ms.
Mono: successfully reloaded assembly
- Completed reload, in  0.652 seconds
Platform modules already initialized, skipping
Refreshing native plugins compatible for Editor in 0.52 ms, found 0 plugins.
Preloading 0 native plugins for Editor in 0.00 ms.
Unloading 1111 Unused Serialized files (Serialized files now loaded: 0)
System memory in use before: 57.3 MB.
System memory in use after: 57.4 MB.

Unloading 5 unused Assets to reduce memory usage. Loaded Objects now: 1570.
Total: 1.640600 ms (FindLiveObjects: 0.229400 ms CreateObjectMapping: 0.061000 ms MarkObjects: 1.294700 ms  DeleteObjects: 0.053500 ms)

========================================================================
Received Prepare
Registering precompiled user dll's ...
Registered in 0.000508 seconds.
Begin MonoManager ReloadAssembly
Native extension for WindowsStandalone target not found
Native extension for WebGL target not found
Refreshing native plugins compatible for Editor in 0.25 ms, found 0 plugins.
Preloading 0 native plugins for Editor in 0.00 ms.
Mono: successfully reloaded assembly
- Completed reload, in  0.652 seconds
Platform modules already initialized, skipping
Refreshing native plugins compatible for Editor in 0.25 ms, found 0 plugins.
Preloading 0 native plugins for Editor in 0.00 ms.
Unloading 1111 Unused Serialized files (Serialized files now loaded: 0)
System memory in use before: 57.3 MB.
System memory in use after: 57.4 MB.

Unloading 5 unused Assets to reduce memory usage. Loaded Objects now: 1573.
Total: 1.575800 ms (FindLiveObjects: 0.165400 ms CreateObjectMapping: 0.029500 ms MarkObjects: 1.331100 ms  DeleteObjects: 0.048500 ms)

========================================================================
Received Prepare
Registering precompiled user dll's ...
Registered in 0.000608 seconds.
Begin MonoManager ReloadAssembly
Native extension for WindowsStandalone target not found
Native extension for WebGL target not found
Refreshing native plugins compatible for Editor in 0.24 ms, found 0 plugins.
Preloading 0 native plugins for Editor in 0.00 ms.
Mono: successfully reloaded assembly
- Completed reload, in  0.671 seconds
Platform modules already initialized, skipping
Refreshing native plugins compatible for Editor in 0.24 ms, found 0 plugins.
Preloading 0 native plugins for Editor in 0.00 ms.
Unloading 1111 Unused Serialized files (Serialized files now loaded: 0)
System memory in use before: 57.3 MB.
System memory in use after: 57.4 MB.

Unloading 5 unused Assets to reduce memory usage. Loaded Objects now: 1576.
Total: 1.589100 ms (FindLiveObjects: 0.178400 ms CreateObjectMapping: 0.032400 ms MarkObjects: 1.327900 ms  DeleteObjects: 0.049100 ms)

========================================================================
Received Prepare
Registering precompiled user dll's ...
Registered in 0.000486 seconds.
Begin MonoManager ReloadAssembly
Native extension for WindowsStandalone target not found
Native extension for WebGL target not found
Refreshing native plugins compatible for Editor in 0.26 ms, found 0 plugins.
Preloading 0 native plugins for Editor in 0.00 ms.
Mono: successfully reloaded assembly
- Completed reload, in  0.636 seconds
Platform modules already initialized, skipping
Refreshing native plugins compatible for Editor in 0.23 ms, found 0 plugins.
Preloading 0 native plugins for Editor in 0.00 ms.
Unloading 1111 Unused Serialized files (Serialized files now loaded: 0)
System memory in use before: 57.4 MB.
System memory in use after: 57.4 MB.

Unloading 5 unused Assets to reduce memory usage. Loaded Objects now: 1579.
Total: 1.902800 ms (FindLiveObjects: 0.187100 ms CreateObjectMapping: 0.029800 ms MarkObjects: 1.623600 ms  DeleteObjects: 0.060400 ms)

========================================================================
Received Prepare
Registering precompiled user dll's ...
Registered in 0.000559 seconds.
Begin MonoManager ReloadAssembly
Native extension for WindowsStandalone target not found
Native extension for WebGL target not found
Refreshing native plugins compatible for Editor in 0.26 ms, found 0 plugins.
Preloading 0 native plugins for Editor in 0.00 ms.
Mono: successfully reloaded assembly
- Completed reload, in  0.652 seconds
Platform modules already initialized, skipping
Refreshing native plugins compatible for Editor in 0.24 ms, found 0 plugins.
Preloading 0 native plugins for Editor in 0.00 ms.
Unloading 1111 Unused Serialized files (Serialized files now loaded: 0)
System memory in use before: 57.4 MB.
System memory in use after: 57.4 MB.

Unloading 5 unused Assets to reduce memory usage. Loaded Objects now: 1582.
Total: 1.696200 ms (FindLiveObjects: 0.181700 ms CreateObjectMapping: 0.027900 ms MarkObjects: 1.423400 ms  DeleteObjects: 0.062200 ms)

========================================================================
Received Prepare
Registering precompiled user dll's ...
Registered in 0.000493 seconds.
Begin MonoManager ReloadAssembly
Native extension for WindowsStandalone target not found
Native extension for WebGL target not found
Refreshing native plugins compatible for Editor in 0.24 ms, found 0 plugins.
Preloading 0 native plugins for Editor in 0.00 ms.
Mono: successfully reloaded assembly
- Completed reload, in  0.662 seconds
Platform modules already initialized, skipping
Refreshing native plugins compatible for Editor in 0.24 ms, found 0 plugins.
Preloading 0 native plugins for Editor in 0.00 ms.
Unloading 1111 Unused Serialized files (Serialized files now loaded: 0)
System memory in use before: 57.4 MB.
System memory in use after: 57.4 MB.

Unloading 5 unused Assets to reduce memory usage. Loaded Objects now: 1585.
Total: 1.565600 ms (FindLiveObjects: 0.170500 ms CreateObjectMapping: 0.031900 ms MarkObjects: 1.308500 ms  DeleteObjects: 0.053600 ms)

========================================================================
Received Prepare
Registering precompiled user dll's ...
Registered in 0.000504 seconds.
Begin MonoManager ReloadAssembly
Native extension for WindowsStandalone target not found
Native extension for WebGL target not found
Refreshing native plugins compatible for Editor in 0.27 ms, found 0 plugins.
Preloading 0 native plugins for Editor in 0.00 ms.
Mono: successfully reloaded assembly
- Completed reload, in  0.669 seconds
Platform modules already initialized, skipping
Refreshing native plugins compatible for Editor in 0.24 ms, found 0 plugins.
Preloading 0 native plugins for Editor in 0.00 ms.
Unloading 1111 Unused Serialized files (Serialized files now loaded: 0)
System memory in use before: 57.4 MB.
System memory in use after: 57.4 MB.

Unloading 5 unused Assets to reduce memory usage. Loaded Objects now: 1588.
Total: 1.616700 ms (FindLiveObjects: 0.181200 ms CreateObjectMapping: 0.030200 ms MarkObjects: 1.353000 ms  DeleteObjects: 0.051500 ms)

========================================================================
Received Prepare
Registering precompiled user dll's ...
Registered in 0.000835 seconds.
Begin MonoManager ReloadAssembly
Native extension for WindowsStandalone target not found
Native extension for WebGL target not found
Refreshing native plugins compatible for Editor in 0.26 ms, found 0 plugins.
Preloading 0 native plugins for Editor in 0.00 ms.
Mono: successfully reloaded assembly
- Completed reload, in  0.653 seconds
Platform modules already initialized, skipping
Refreshing native plugins compatible for Editor in 0.27 ms, found 0 plugins.
Preloading 0 native plugins for Editor in 0.00 ms.
Unloading 1146 Unused Serialized files (Serialized files now loaded: 0)
System memory in use before: 58.4 MB.
System memory in use after: 58.5 MB.

Unloading 6 unused Assets to reduce memory usage. Loaded Objects now: 1625.
Total: 1.789100 ms (FindLiveObjects: 0.203100 ms CreateObjectMapping: 0.034200 ms MarkObjects: 1.485300 ms  DeleteObjects: 0.064800 ms)

========================================================================
Received Prepare
Registering precompiled user dll's ...
Registered in 0.000669 seconds.
Begin MonoManager ReloadAssembly
Native extension for WindowsStandalone target not found
Native extension for WebGL target not found
Refreshing native plugins compatible for Editor in 0.26 ms, found 0 plugins.
Preloading 0 native plugins for Editor in 0.00 ms.
Mono: successfully reloaded assembly
- Completed reload, in  0.661 seconds
Platform modules already initialized, skipping
Refreshing native plugins compatible for Editor in 0.30 ms, found 0 plugins.
Preloading 0 native plugins for Editor in 0.00 ms.
Unloading 1146 Unused Serialized files (Serialized files now loaded: 0)
System memory in use before: 58.5 MB.
System memory in use after: 58.5 MB.

Unloading 6 unused Assets to reduce memory usage. Loaded Objects now: 1628.
Total: 2.240400 ms (FindLiveObjects: 0.208500 ms CreateObjectMapping: 0.030800 ms MarkObjects: 1.942700 ms  DeleteObjects: 0.057000 ms)

========================================================================
Received Prepare
Refreshing native plugins compatible for Editor in 0.75 ms, found 0 plugins.
Preloading 0 native plugins for Editor in 0.00 ms.
Unloading 4 Unused Serialized files (Serialized files now loaded: 0)
System memory in use before: 35.8 MB.
System memory in use after: 35.9 MB.

Unloading 4 unused Assets to reduce memory usage. Loaded Objects now: 1628.
Total: 1.607700 ms (FindLiveObjects: 0.177700 ms CreateObjectMapping: 0.030500 ms MarkObjects: 1.346300 ms  DeleteObjects: 0.052100 ms)

========================================================================
Received Prepare
Refreshing native plugins compatible for Editor in 0.86 ms, found 0 plugins.
Preloading 0 native plugins for Editor in 0.00 ms.
Unloading 4 Unused Serialized files (Serialized files now loaded: 0)
System memory in use before: 35.8 MB.
System memory in use after: 35.9 MB.

Unloading 4 unused Assets to reduce memory usage. Loaded Objects now: 1628.
Total: 1.744000 ms (FindLiveObjects: 0.188400 ms CreateObjectMapping: 0.032400 ms MarkObjects: 1.467400 ms  DeleteObjects: 0.054500 ms)

AssetImportWorkerClient::OnTransportError - code=2 error=End of file
